\BOOKMARK [1][-]{section.1}{Inference}{}% 1
\BOOKMARK [2][-]{subsection.1.1}{We\040study\040logic\040to\040use\040it\040to\040prove\040things.}{section.1}% 2
\BOOKMARK [2][-]{subsection.1.2}{A\040proof\040is\040a\040valid\040argument\040that\040starts\040with\040a\040set\040of\040given\040conditions\040and,\040through\040the\040application\040of\040valid\040rewrite\040rules\040of\040inference,\040concludes\040that\040which\040is\040to\040be\040shown.}{section.1}% 3
\BOOKMARK [2][-]{subsection.1.3}{The\040rules\040of\040inference\040are\040templates\040for\040building\040valid\040arguments.}{section.1}% 4
\BOOKMARK [1][-]{section.2}{Modus\040Ponens}{}% 5
\BOOKMARK [2][-]{subsection.2.1}{Consider}{section.2}% 6
\BOOKMARK [2][-]{subsection.2.2}{General\040Format}{section.2}% 7
\BOOKMARK [2][-]{subsection.2.3}{Proof\(?\)}{section.2}% 8
\BOOKMARK [3][-]{subsubsection.2.3.1}{What\040is\040wrong\040with\040this\040proof?}{subsection.2.3}% 9
\BOOKMARK [1][-]{section.3}{Rules\040of\040Inference}{}% 10
\BOOKMARK [1][-]{section.4}{Examples}{}% 11
\BOOKMARK [2][-]{subsection.4.1}{If\040Jimmy\040moves\040to\040Anchorage,\040then\040he\040will\040freeze\040in\040winter;\040but\040if\040he\040moves\040to\040Augusta,\040then\040he\040will\040burn\040up\040in\040summer.\040Either\040he\040will\040move\040to\040Anchorage\040or\040Augusta.\040Therefore,\040he\040will\040either\040freeze\040this\040winter\040or\040burn\040up\040next\040summer.}{section.4}% 12
\BOOKMARK [3][-]{subsubsection.4.1.1}{Choose\040propositions\040for\040translation:}{subsection.4.1}% 13
\BOOKMARK [3][-]{subsubsection.4.1.2}{Translate\040the\040givens:}{subsection.4.1}% 14
\BOOKMARK [3][-]{subsubsection.4.1.3}{Translate\040the\040conclusion:}{subsection.4.1}% 15
\BOOKMARK [3][-]{subsubsection.4.1.4}{Prove\040it}{subsection.4.1}% 16
\BOOKMARK [1][-]{section.5}{Fallacies\040\(or\040Anti-rules\040of\040Inference\)}{}% 17
\BOOKMARK [2][-]{subsection.5.1}{[Affirming\040the\040Conclusion]\040If\040you\040are\040a\040font\040geek,\040then\040you\040are\040disappointed\040with\040the\040subtitles\040in\040Avatar.\040You\040are\040disappointed\040with\040the\040subtitles\040in\040Avatar.\040Therefore,\040you\040are\040a\040font\040geek.}{section.5}% 18
\BOOKMARK [3][-]{subsubsection.5.1.1}{Propositions}{subsection.5.1}% 19
\BOOKMARK [3][-]{subsubsection.5.1.2}{Givens}{subsection.5.1}% 20
\BOOKMARK [3][-]{subsubsection.5.1.3}{Conclusion}{subsection.5.1}% 21
\BOOKMARK [3][-]{subsubsection.5.1.4}{Proof?}{subsection.5.1}% 22
\BOOKMARK [2][-]{subsection.5.2}{[Denying\040the\040Hypothesis]\040If\040you\040are\040a\040true\040Star\040Wars\040fan,\040then\040you\040love\040Jar\040Jar\040Binks.\040You\040are\040not\040a\040true\040Star\040Wars\040fan.\040Therefore,\040you\040hate\040Jar\040Jar\040Binks.}{section.5}% 23
\BOOKMARK [3][-]{subsubsection.5.2.1}{Propositions}{subsection.5.2}% 24
\BOOKMARK [3][-]{subsubsection.5.2.2}{Givens}{subsection.5.2}% 25
\BOOKMARK [3][-]{subsubsection.5.2.3}{Conclusion}{subsection.5.2}% 26
\BOOKMARK [3][-]{subsubsection.5.2.4}{Valid\040conclusion?}{subsection.5.2}% 27
\BOOKMARK [1][-]{section.6}{Example\040[1.6\04035]}{}% 28
\BOOKMARK [2][-]{subsection.6.1}{Is\040the\040following\040argument\040valid?}{section.6}% 29
\BOOKMARK [3][-]{subsubsection.6.1.1}{If\040Superman\040were\040able\040and\040willing\040to\040prevent\040evil,\040he\040would\040do\040so.\040If\040Superman\040were\040unable\040to\040prevent\040evil,\040he\040would\040be\040impotent;\040if\040he\040were\040unwilling\040to\040prevent\040evil,\040he\040would\040be\040malevolent.\040Superman\040does\040not\040prevent\040evil.\040If\040Superman\040exists,\040he\040is\040neither\040impotent\040nor\040malevolent.\040Therefore,\040Superman\040does\040not\040exist.}{subsection.6.1}% 30
\BOOKMARK [1][-]{section.7}{Inference\040with\040quantifiers}{}% 31
\BOOKMARK [2][-]{subsection.7.1}{John\040is\040a\040lawyer.\040All\040lawyers\040are\040rich.\040Every\040person\040has\040a\040house.\040If\040a\040person\040is\040rich\040and\040they\040have\040a\040house,\040the\040house\040is\040big.\040If\040a\040person\040lives\040in\040a\040big\040house,\040they\040have\040a\040mortgage.\040Everyone\040with\040a\040mortgage\040has\040to\040work.\040Therefore,\040John\040has\040to\040work.}{section.7}% 32
\BOOKMARK [3][-]{subsubsection.7.1.1}{Predicates}{subsection.7.1}% 33
\BOOKMARK [3][-]{subsubsection.7.1.2}{Givens}{subsection.7.1}% 34
\BOOKMARK [3][-]{subsubsection.7.1.3}{Conclusion}{subsection.7.1}% 35
